{
  message: 'Database connected successfully',
  level: 'info',
  label: 'GK!',
  timestamp: '2023-07-06T08:00:38.010Z'
}
{
  message: 'app listening on port 5000',
  level: 'info',
  label: 'GK!',
  timestamp: '2023-07-06T08:00:38.026Z'
}
{
  message: 'Database connected successfully',
  level: 'info',
  label: 'GK!',
  timestamp: '2023-07-06T08:01:25.720Z'
}
{
  message: 'app listening on port 5000',
  level: 'info',
  label: 'GK!',
  timestamp: '2023-07-06T08:01:25.732Z'
}
{
  message: 'Database connected successfully',
  level: 'info',
  label: 'GK!',
  timestamp: '2023-07-06T08:03:20.454Z'
}
{
  message: 'app listening on port 5000',
  level: 'info',
  label: 'GK!',
  timestamp: '2023-07-06T08:03:20.472Z'
}
{
  message: 'Database connected successfully',
  level: 'info',
  label: 'GK!',
  timestamp: '2023-07-06T08:05:41.593Z'
}
{
  message: 'app listening on port 5000',
  level: 'info',
  label: 'GK!',
  timestamp: '2023-07-06T08:05:41.608Z'
}
{
  message: 'Database connected successfully',
  level: 'info',
  label: 'GK!',
  timestamp: '2023-07-06T08:06:10.724Z'
}
{
  message: 'app listening on port 5000',
  level: 'info',
  label: 'GK!',
  timestamp: '2023-07-06T08:06:10.745Z'
}
{
  message: 'Database connected successfully',
  level: 'info',
  label: 'GK!',
  timestamp: '2023-07-06T08:07:13.865Z'
}
{
  message: 'app listening on port 5000',
  level: 'info',
  label: 'GK!',
  timestamp: '2023-07-06T08:07:13.880Z'
}
{
  message: 'Database connected successfully',
  level: 'info',
  label: 'GK!',
  timestamp: '2023-07-06T08:08:17.071Z'
}
{
  message: 'app listening on port 5000',
  level: 'info',
  label: 'GK!',
  timestamp: '2023-07-06T08:08:17.084Z'
}
{
  message: 'Database connected successfully',
  level: 'info',
  label: 'GK!',
  timestamp: '2023-07-06T08:08:22.163Z'
}
{
  message: 'app listening on port 5000',
  level: 'info',
  label: 'GK!',
  timestamp: '2023-07-06T08:08:22.178Z'
}
{
  message: 'Database connected successfully',
  level: 'info',
  label: 'GK!',
  timestamp: '2023-07-06T08:08:44.131Z'
}
{
  message: 'app listening on port 5000',
  level: 'info',
  label: 'GK!',
  timestamp: '2023-07-06T08:08:44.145Z'
}
{
  message: 'Database connected successfully',
  level: 'info',
  label: 'GK!',
  timestamp: '2023-07-06T08:15:10.915Z'
}
{
  message: 'app listening on port 5000',
  level: 'info',
  label: 'GK!',
  timestamp: '2023-07-06T08:15:10.929Z'
}
{
  message: 'Database connected successfully',
  level: 'info',
  label: 'GK!',
  timestamp: '2023-07-06T08:16:27.680Z'
}
{
  message: 'app listening on port 5000',
  level: 'info',
  label: 'GK!',
  timestamp: '2023-07-06T08:16:27.694Z'
}
{
  message: 'Database connected successfully',
  level: 'info',
  label: 'GK!',
  timestamp: '2023-07-06T08:17:27.833Z'
}
{
  message: 'app listening on port 5000',
  level: 'info',
  label: 'GK!',
  timestamp: '2023-07-06T08:17:27.848Z'
}
{
  message: 'Database connected successfully',
  level: 'info',
  label: 'GK!',
  timestamp: '2023-07-06T08:18:19.593Z'
}
{
  message: 'app listening on port 5000',
  level: 'info',
  label: 'GK!',
  timestamp: '2023-07-06T08:18:19.606Z'
}
{
  message: 'Database connected successfully',
  level: 'info',
  label: 'GK!',
  timestamp: '2023-07-06T08:22:12.410Z'
}
{
  message: 'app listening on port 5000',
  level: 'info',
  label: 'GK!',
  timestamp: '2023-07-06T08:22:12.430Z'
}
{
  message: 'Database connected successfully',
  level: 'info',
  label: 'GK!',
  timestamp: '2023-07-06T08:22:40.344Z'
}
{
  message: 'app listening on port 5000',
  level: 'info',
  label: 'GK!',
  timestamp: '2023-07-06T08:22:40.362Z'
}
{
  message: 'Database connected successfully',
  level: 'info',
  label: 'GK!',
  timestamp: '2023-07-06T08:25:07.074Z'
}
{
  message: 'app listening on port 5000',
  level: 'info',
  label: 'GK!',
  timestamp: '2023-07-06T08:25:07.087Z'
}
{
  message: 'Database connected successfully',
  level: 'info',
  label: 'GK!',
  timestamp: '2023-07-06T08:25:28.494Z'
}
{
  message: 'app listening on port 5000',
  level: 'info',
  label: 'GK!',
  timestamp: '2023-07-06T08:25:28.506Z'
}
{
  message: 'Database connected successfully',
  level: 'info',
  label: 'GK!',
  timestamp: '2023-07-06T08:26:19.359Z'
}
{
  message: 'app listening on port 5000',
  level: 'info',
  label: 'GK!',
  timestamp: '2023-07-06T08:26:19.371Z'
}
{
  message: 'Database connected successfully',
  level: 'info',
  label: 'GK!',
  timestamp: '2023-07-06T08:28:24.515Z'
}
{
  message: 'app listening on port 5000',
  level: 'info',
  label: 'GK!',
  timestamp: '2023-07-06T08:28:24.529Z'
}
{
  message: 'Database connected successfully',
  level: 'info',
  label: 'GK!',
  timestamp: '2023-07-06T08:28:33.491Z'
}
{
  message: 'app listening on port 5000',
  level: 'info',
  label: 'GK!',
  timestamp: '2023-07-06T08:28:33.505Z'
}
{
  message: 'Database connected successfully',
  level: 'info',
  label: 'GK!',
  timestamp: '2023-07-06T08:29:39.982Z'
}
{
  message: 'app listening on port 5000',
  level: 'info',
  label: 'GK!',
  timestamp: '2023-07-06T08:29:39.994Z'
}
{
  message: 'Database connected successfully',
  level: 'info',
  label: 'GK!',
  timestamp: '2023-07-06T08:30:24.811Z'
}
{
  message: 'app listening on port 5000',
  level: 'info',
  label: 'GK!',
  timestamp: '2023-07-06T08:30:24.830Z'
}
{
  message: 'Database connected successfully',
  level: 'info',
  label: 'GK!',
  timestamp: '2023-07-06T08:31:54.138Z'
}
{
  message: 'app listening on port 5000',
  level: 'info',
  label: 'GK!',
  timestamp: '2023-07-06T08:31:54.151Z'
}
{
  message: 'Database connected successfully',
  level: 'info',
  label: 'GK!',
  timestamp: '2023-07-06T08:51:26.230Z'
}
{
  message: 'app listening on port 5000',
  level: 'info',
  label: 'GK!',
  timestamp: '2023-07-06T08:51:26.244Z'
}
{
  message: 'Database connected successfully',
  level: 'info',
  label: 'GK!',
  timestamp: '2023-07-06T08:51:59.482Z'
}
{
  message: 'app listening on port 5000',
  level: 'info',
  label: 'GK!',
  timestamp: '2023-07-06T08:51:59.496Z'
}
{
  message: 'Database connected successfully',
  level: 'info',
  label: 'GK!',
  timestamp: '2023-07-06T08:52:35.721Z'
}
{
  message: 'app listening on port 5000',
  level: 'info',
  label: 'GK!',
  timestamp: '2023-07-06T08:52:35.734Z'
}
{
  message: 'Database connected successfully',
  level: 'info',
  label: 'GK!',
  timestamp: '2023-07-06T08:52:57.739Z'
}
{
  message: 'app listening on port 5000',
  level: 'info',
  label: 'GK!',
  timestamp: '2023-07-06T08:52:57.751Z'
}
