{
  message: 'Database connected successfully',
  level: 'info',
  label: 'GK!',
  timestamp: '2023-06-17T21:05:02.123Z'
}
{
  message: 'app listening on port 5000',
  level: 'info',
  label: 'GK!',
  timestamp: '2023-06-17T21:05:02.140Z'
}
{
  message: 'Database connected successfully',
  level: 'info',
  label: 'GK!',
  timestamp: '2023-06-17T21:05:42.858Z'
}
{
  message: 'app listening on port 5000',
  level: 'info',
  label: 'GK!',
  timestamp: '2023-06-17T21:05:42.877Z'
}
{
  message: 'Database connected successfully',
  level: 'info',
  label: 'GK!',
  timestamp: '2023-06-17T21:05:48.481Z'
}
{
  message: 'app listening on port 5000',
  level: 'info',
  label: 'GK!',
  timestamp: '2023-06-17T21:05:48.496Z'
}
{
  message: 'Database connected successfully',
  level: 'info',
  label: 'GK!',
  timestamp: '2023-06-17T21:07:24.149Z'
}
{
  message: 'app listening on port 5000',
  level: 'info',
  label: 'GK!',
  timestamp: '2023-06-17T21:07:24.166Z'
}
{
  message: 'Database connected successfully',
  level: 'info',
  label: 'GK!',
  timestamp: '2023-06-17T21:12:49.233Z'
}
{
  message: 'app listening on port 5000',
  level: 'info',
  label: 'GK!',
  timestamp: '2023-06-17T21:12:49.250Z'
}
{
  message: 'Database connected successfully',
  level: 'info',
  label: 'GK!',
  timestamp: '2023-06-17T21:22:01.743Z'
}
{
  message: 'app listening on port 5000',
  level: 'info',
  label: 'GK!',
  timestamp: '2023-06-17T21:22:01.759Z'
}
