{
  message: 'Database connected successfully',
  level: 'info',
  label: 'GK!',
  timestamp: '2023-06-18T17:10:12.768Z'
}
{
  message: 'app listening on port 5000',
  level: 'info',
  label: 'GK!',
  timestamp: '2023-06-18T17:10:12.782Z'
}
{
  message: 'Database connected successfully',
  level: 'info',
  label: 'GK!',
  timestamp: '2023-06-18T17:10:51.527Z'
}
{
  message: 'app listening on port 5000',
  level: 'info',
  label: 'GK!',
  timestamp: '2023-06-18T17:10:51.541Z'
}
{
  message: 'Database connected successfully',
  level: 'info',
  label: 'GK!',
  timestamp: '2023-06-18T17:11:07.326Z'
}
{
  message: 'app listening on port 5000',
  level: 'info',
  label: 'GK!',
  timestamp: '2023-06-18T17:11:07.342Z'
}
{
  message: 'Database connected successfully',
  level: 'info',
  label: 'GK!',
  timestamp: '2023-06-18T17:11:56.731Z'
}
{
  message: 'app listening on port 5000',
  level: 'info',
  label: 'GK!',
  timestamp: '2023-06-18T17:11:56.746Z'
}
{
  message: 'Database connected successfully',
  level: 'info',
  label: 'GK!',
  timestamp: '2023-06-18T17:12:02.589Z'
}
{
  message: 'app listening on port 5000',
  level: 'info',
  label: 'GK!',
  timestamp: '2023-06-18T17:12:02.603Z'
}
{
  message: 'Database connected successfully',
  level: 'info',
  label: 'GK!',
  timestamp: '2023-06-18T17:14:49.586Z'
}
{
  message: 'app listening on port 5000',
  level: 'info',
  label: 'GK!',
  timestamp: '2023-06-18T17:14:49.604Z'
}
{
  message: 'Database connected successfully',
  level: 'info',
  label: 'GK!',
  timestamp: '2023-06-18T17:15:49.584Z'
}
{
  message: 'app listening on port 5000',
  level: 'info',
  label: 'GK!',
  timestamp: '2023-06-18T17:15:49.597Z'
}
{
  message: 'Database connected successfully',
  level: 'info',
  label: 'GK!',
  timestamp: '2023-06-18T17:17:24.743Z'
}
{
  message: 'app listening on port 5000',
  level: 'info',
  label: 'GK!',
  timestamp: '2023-06-18T17:17:24.759Z'
}
{
  message: 'Database connected successfully',
  level: 'info',
  label: 'GK!',
  timestamp: '2023-06-18T17:17:42.073Z'
}
{
  message: 'app listening on port 5000',
  level: 'info',
  label: 'GK!',
  timestamp: '2023-06-18T17:17:42.085Z'
}
{
  message: 'Database connected successfully',
  level: 'info',
  label: 'GK!',
  timestamp: '2023-06-18T17:18:36.228Z'
}
{
  message: 'app listening on port 5000',
  level: 'info',
  label: 'GK!',
  timestamp: '2023-06-18T17:18:36.240Z'
}
{
  message: 'Database connected successfully',
  level: 'info',
  label: 'GK!',
  timestamp: '2023-06-18T17:18:42.923Z'
}
{
  message: 'app listening on port 5000',
  level: 'info',
  label: 'GK!',
  timestamp: '2023-06-18T17:18:42.937Z'
}
{
  message: 'Database connected successfully',
  level: 'info',
  label: 'GK!',
  timestamp: '2023-06-18T17:18:54.634Z'
}
{
  message: 'app listening on port 5000',
  level: 'info',
  label: 'GK!',
  timestamp: '2023-06-18T17:18:54.656Z'
}
{
  message: 'Database connected successfully',
  level: 'info',
  label: 'GK!',
  timestamp: '2023-06-18T17:19:24.643Z'
}
{
  message: 'app listening on port 5000',
  level: 'info',
  label: 'GK!',
  timestamp: '2023-06-18T17:19:24.656Z'
}
{
  message: 'Database connected successfully',
  level: 'info',
  label: 'GK!',
  timestamp: '2023-06-18T17:20:01.946Z'
}
{
  message: 'app listening on port 5000',
  level: 'info',
  label: 'GK!',
  timestamp: '2023-06-18T17:20:01.960Z'
}
{
  message: 'Database connected successfully',
  level: 'info',
  label: 'GK!',
  timestamp: '2023-06-18T17:22:25.255Z'
}
{
  message: 'app listening on port 5000',
  level: 'info',
  label: 'GK!',
  timestamp: '2023-06-18T17:22:25.268Z'
}
{
  message: 'Database connected successfully',
  level: 'info',
  label: 'GK!',
  timestamp: '2023-06-18T17:22:47.766Z'
}
{
  message: 'app listening on port 5000',
  level: 'info',
  label: 'GK!',
  timestamp: '2023-06-18T17:22:47.782Z'
}
{
  message: 'Database connected successfully',
  level: 'info',
  label: 'GK!',
  timestamp: '2023-06-18T17:23:00.519Z'
}
{
  message: 'app listening on port 5000',
  level: 'info',
  label: 'GK!',
  timestamp: '2023-06-18T17:23:00.537Z'
}
{
  message: 'Database connected successfully',
  level: 'info',
  label: 'GK!',
  timestamp: '2023-06-18T17:25:58.303Z'
}
{
  message: 'app listening on port 5000',
  level: 'info',
  label: 'GK!',
  timestamp: '2023-06-18T17:25:58.315Z'
}
{
  message: 'Database connected successfully',
  level: 'info',
  label: 'GK!',
  timestamp: '2023-06-18T17:26:16.865Z'
}
{
  message: 'app listening on port 5000',
  level: 'info',
  label: 'GK!',
  timestamp: '2023-06-18T17:26:16.876Z'
}
{
  message: 'Database connected successfully',
  level: 'info',
  label: 'GK!',
  timestamp: '2023-06-18T17:26:27.644Z'
}
{
  message: 'app listening on port 5000',
  level: 'info',
  label: 'GK!',
  timestamp: '2023-06-18T17:26:27.660Z'
}
{
  message: 'Database connected successfully',
  level: 'info',
  label: 'GK!',
  timestamp: '2023-06-18T17:27:29.815Z'
}
{
  message: 'app listening on port 5000',
  level: 'info',
  label: 'GK!',
  timestamp: '2023-06-18T17:27:29.827Z'
}
{
  message: 'Database connected successfully',
  level: 'info',
  label: 'GK!',
  timestamp: '2023-06-18T17:27:56.749Z'
}
{
  message: 'app listening on port 5000',
  level: 'info',
  label: 'GK!',
  timestamp: '2023-06-18T17:27:56.762Z'
}
{
  message: 'Database connected successfully',
  level: 'info',
  label: 'GK!',
  timestamp: '2023-06-18T17:28:12.136Z'
}
{
  message: 'app listening on port 5000',
  level: 'info',
  label: 'GK!',
  timestamp: '2023-06-18T17:28:12.149Z'
}
{
  message: 'Database connected successfully',
  level: 'info',
  label: 'GK!',
  timestamp: '2023-06-18T17:28:28.059Z'
}
{
  message: 'app listening on port 5000',
  level: 'info',
  label: 'GK!',
  timestamp: '2023-06-18T17:28:28.072Z'
}
{
  message: 'Database connected successfully',
  level: 'info',
  label: 'GK!',
  timestamp: '2023-06-18T17:28:33.981Z'
}
{
  message: 'app listening on port 5000',
  level: 'info',
  label: 'GK!',
  timestamp: '2023-06-18T17:28:34.038Z'
}
{
  message: 'Database connected successfully',
  level: 'info',
  label: 'GK!',
  timestamp: '2023-06-18T17:29:03.231Z'
}
{
  message: 'app listening on port 5000',
  level: 'info',
  label: 'GK!',
  timestamp: '2023-06-18T17:29:03.244Z'
}
{
  message: 'Database connected successfully',
  level: 'info',
  label: 'GK!',
  timestamp: '2023-06-18T17:30:43.483Z'
}
{
  message: 'app listening on port 5000',
  level: 'info',
  label: 'GK!',
  timestamp: '2023-06-18T17:30:43.498Z'
}
{
  message: 'Database connected successfully',
  level: 'info',
  label: 'GK!',
  timestamp: '2023-06-18T17:30:50.682Z'
}
{
  message: 'app listening on port 5000',
  level: 'info',
  label: 'GK!',
  timestamp: '2023-06-18T17:30:50.695Z'
}
