{
  message: 'Database connected successfully',
  level: 'info',
  label: 'GK!',
  timestamp: '2023-07-03T06:11:46.147Z'
}
{
  message: 'app listening on port 5000',
  level: 'info',
  label: 'GK!',
  timestamp: '2023-07-03T06:11:46.161Z'
}
{
  message: 'Database connected successfully',
  level: 'info',
  label: 'GK!',
  timestamp: '2023-07-03T06:14:59.114Z'
}
{
  message: 'app listening on port 5000',
  level: 'info',
  label: 'GK!',
  timestamp: '2023-07-03T06:14:59.127Z'
}
{
  message: 'Database connected successfully',
  level: 'info',
  label: 'GK!',
  timestamp: '2023-07-03T06:15:13.514Z'
}
{
  message: 'app listening on port 5000',
  level: 'info',
  label: 'GK!',
  timestamp: '2023-07-03T06:15:13.525Z'
}
