{
  errno: undefined,
  code: 'ETIMEOUT',
  syscall: 'queryTxt',
  hostname: 'cluster0.jr8ricm.mongodb.net',
  level: 'error',
  message: 'Failed queryTxt ETIMEOUT cluster0.jr8ricm.mongodb.net',
  stack: 'Error: queryTxt ETIMEOUT cluster0.jr8ricm.mongodb.net\n' +
    '    at QueryReqWrap.onresolve [as oncomplete] (node:internal/dns/promises:240:17)',
  label: 'GK!',
  timestamp: '2023-07-04T15:30:59.790Z'
}
{
  errno: undefined,
  code: 'ETIMEOUT',
  syscall: 'queryTxt',
  hostname: 'cluster0.jr8ricm.mongodb.net',
  level: 'error',
  message: 'Failed queryTxt ETIMEOUT cluster0.jr8ricm.mongodb.net',
  stack: 'Error: queryTxt ETIMEOUT cluster0.jr8ricm.mongodb.net\n' +
    '    at QueryReqWrap.onresolve [as oncomplete] (node:internal/dns/promises:240:17)',
  label: 'GK!',
  timestamp: '2023-07-04T15:33:47.150Z'
}
{
  errno: undefined,
  code: 'ETIMEOUT',
  syscall: 'queryTxt',
  hostname: 'cluster0.jr8ricm.mongodb.net',
  level: 'error',
  message: 'Failed queryTxt ETIMEOUT cluster0.jr8ricm.mongodb.net',
  stack: 'Error: queryTxt ETIMEOUT cluster0.jr8ricm.mongodb.net\n' +
    '    at QueryReqWrap.onresolve [as oncomplete] (node:internal/dns/promises:240:17)',
  label: 'GK!',
  timestamp: '2023-07-04T15:36:00.809Z'
}
