{
  ok: 0,
  code: 8000,
  codeName: 'AtlasError',
  connectionGeneration: 0,
  level: 'error',
  message: 'Failed bad auth : Authentication failed.',
  stack: 'MongoServerError: bad auth : Authentication failed.\n' +
    '    at Connection.onMessage (C:\\Users\\Golam Kibria Anik\\Desktop\\Jhankar\\university-management-auth-service\\node_modules\\mongodb\\src\\cmap\\connection.ts:413:18)\n' +
    '    at MessageStream.<anonymous> (C:\\Users\\Golam Kibria Anik\\Desktop\\Jhankar\\university-management-auth-service\\node_modules\\mongodb\\src\\cmap\\connection.ts:243:56)\n' +
    '    at MessageStream.emit (node:events:513:28)\n' +
    '    at processIncomingData (C:\\Users\\Golam Kibria Anik\\Desktop\\Jhankar\\university-management-auth-service\\node_modules\\mongodb\\src\\cmap\\message_stream.ts:187:12)\n' +
    '    at MessageStream._write (C:\\Users\\Golam Kibria Anik\\Desktop\\Jhankar\\university-management-auth-service\\node_modules\\mongodb\\src\\cmap\\message_stream.ts:68:5)\n' +
    '    at writeOrBuffer (node:internal/streams/writable:391:12)\n' +
    '    at _write (node:internal/streams/writable:332:10)\n' +
    '    at MessageStream.Writable.write (node:internal/streams/writable:336:10)\n' +
    '    at TLSSocket.ondata (node:internal/streams/readable:754:22)\n' +
    '    at TLSSocket.emit (node:events:513:28)',
  label: 'GK!',
  timestamp: '2023-06-06T19:48:49.106Z',
  [Symbol(errorLabels)]: Set(2) { 'HandshakeError', 'ResetPool' }
}
